<?xml version="1.0" encoding="UTF-8"?><testsuite errors="1" failures="0" name="Creación de caso en AML" skipped="0" tests="1" time="0.67" timestamp="2019-02-20 11:05:38"><testcase name="create case"><error message="Arity mismatch: Step Definition 'com.bancolombia.certificacion.pruebasecreenplay.definitions.CreateCaseDefinitions.theUserIsInTheCasePage(String) in file:/C:/Users/1581415/eclipse-workspace/PruebaScreenplay/bin/' with pattern [^the user is in the create manual case page$] is declared with 1 parameters. However, the gherkin step has 0 arguments []. &#10;Step text: the user is in the create manual case page" type="cucumber.runtime.CucumberException">Arity mismatch: Step Definition 'com.bancolombia.certificacion.pruebasecreenplay.definitions.CreateCaseDefinitions.theUserIsInTheCasePage(String) in file:/C:/Users/1581415/eclipse-workspace/PruebaScreenplay/bin/' with pattern [^the user is in the create manual case page$] is declared with 1 parameters. However, the gherkin step has 0 arguments []. 
Step text: the user is in the create manual case page</error><system-err>Arity mismatch: Step Definition 'com.bancolombia.certificacion.pruebasecreenplay.definitions.CreateCaseDefinitions.theUserIsInTheCasePage(String) in file:/C:/Users/1581415/eclipse-workspace/PruebaScreenplay/bin/' with pattern [^the user is in the create manual case page$] is declared with 1 parameters. However, the gherkin step has 0 arguments []. 
Step text: the user is in the create manual case page&#13;
cucumber.runner.Runner.runPickle(Runner.java:80)&#13;
org.eclipse.jdt.internal.junit4.runner.JUnit4TestReference.run(JUnit4TestReference.java:89)&#13;
org.eclipse.jdt.internal.junit.runner.TestExecution.run(TestExecution.java:41)&#13;
org.eclipse.jdt.internal.junit.runner.RemoteTestRunner.runTests(RemoteTestRunner.java:541)&#13;
org.eclipse.jdt.internal.junit.runner.RemoteTestRunner.runTests(RemoteTestRunner.java:763)&#13;
org.eclipse.jdt.internal.junit.runner.RemoteTestRunner.run(RemoteTestRunner.java:463)&#13;
org.eclipse.jdt.internal.junit.runner.RemoteTestRunner.main(RemoteTestRunner.java:209)&#13;
</system-err></testcase></testsuite>